Error: (<class 'TypeError'>, TypeError('string indices must be integers'), <traceback object at 0x7fd3a1a841e0>) 
Error data : 
{
  "dxProfileId": "iot-api",
  "customerId": "100033601",
  "deviceEUI": "20635F00C8000015",
  "time": "2019-10-10T21:44:03.311000+00:00",
  "coordinates": [
    -106.80398,
    32.529972,
    0.0
  ],
  "age": 188961,
  "validityState": "PREVIOUS",
  "horizontalAccuracy": 7,
  "processedFeed": {
    "payloadEncoded": "03489499a0251370fec0608e01dca206",
    "sequenceNumber": 13895,
    "dynamicMotionState": "STATIC",
    "temperatureMeasure": 33.4,
    "processedPacket": {
      "RSSI": -45.0,
      "baseStationId": "08080056",
      "antennaCoordinates": [
        -106.74136,
        32.61721
      ]
    }
  },
  "rawPosition": {
    "rawPositionType": "RawPositionByGpsSolver",
    "coordinates": [
      -106.7414,
      32.617214,
      0.0
    ]
  },
  "resolvedTracker": {
    "firmwareVersion": "1.7.3",
    "messageType": "Position Message",
    "trackingMode": "PERMANENT_TRACKING",
    "gpsScanMode": "UNKNOWN",
    "sensorMode": "GPS_ONLY",
    "periodicPositionInterval": 0,
    "batteryLevel": 68,
    "activityCount": -1
  }
}
============================================
Error: (<class 'TypeError'>, TypeError('string indices must be integers'), <traceback object at 0x7f6ba8b494b0>) 
Error data : 
{
  "dxProfileId": "iot-api",
  "customerId": "100033601",
  "deviceEUI": "20635F00C8000015",
  "time": "2019-10-10T21:44:03.311000+00:00",
  "coordinates": [
    -106.80398,
    32.529972,
    0.0
  ],
  "age": 188961,
  "validityState": "PREVIOUS",
  "horizontalAccuracy": 7,
  "processedFeed": {
    "payloadEncoded": "03489499a0251370fec0608e01dca206",
    "sequenceNumber": 13895,
    "dynamicMotionState": "STATIC",
    "temperatureMeasure": 33.4,
    "processedPacket": {
      "RSSI": -45.0,
      "baseStationId": "08080056",
      "antennaCoordinates": [
        -106.74136,
        32.61721
      ]
    }
  },
  "rawPosition": {
    "rawPositionType": "RawPositionByGpsSolver",
    "coordinates": [
      -106.7414,
      32.617214,
      0.0
    ]
  },
  "resolvedTracker": {
    "firmwareVersion": "1.7.3",
    "messageType": "Position Message",
    "trackingMode": "PERMANENT_TRACKING",
    "gpsScanMode": "UNKNOWN",
    "sensorMode": "GPS_ONLY",
    "periodicPositionInterval": 0,
    "batteryLevel": 68,
    "activityCount": -1
  }
}
============================================
